h:\massfiles\masters\aipilot\massimo\named_pipes\named_pipes\debug\vc142.pdb
h:\massfiles\masters\aipilot\massimo\named_pipes\named_pipes\debug\vc142.idb
h:\massfiles\masters\aipilot\massimo\named_pipes\named_pipes\debug\pipes.obj
h:\massfiles\masters\aipilot\massimo\named_pipes\named_pipes\debug\main.obj
h:\massfiles\masters\aipilot\massimo\named_pipes\debug\named_pipes.ilk
h:\massfiles\masters\aipilot\massimo\named_pipes\debug\named_pipes.exe
h:\massfiles\masters\aipilot\massimo\named_pipes\debug\named_pipes.pdb
h:\massfiles\masters\aipilot\massimo\named_pipes_multithread\named_pipes\named_pipes\debug\main.obj
h:\massfiles\masters\aipilot\massimo\named_pipes_multithread\named_pipes\named_pipes\debug\pipes.obj
h:\massfiles\masters\aipilot\massimo\named_pipes_multithread\named_pipes\named_pipes\debug\vc142.idb
h:\massfiles\masters\aipilot\massimo\named_pipes_multithread\named_pipes\named_pipes\debug\vc142.pdb
h:\massfiles\masters\aipilot\massimo\named_pipes_multithread\named_pipes\debug\named_pipes.pdb
h:\massfiles\masters\aipilot\massimo\named_pipes_multithread\named_pipes\debug\named_pipes.exe
h:\massfiles\masters\aipilot\massimo\named_pipes_multithread\named_pipes\debug\named_pipes.ilk
h:\massfiles\masters\aipilot\massimo\named_pipes_multithread\named_pipes\named_pipes\debug\named_pipes.tlog\cl.command.1.tlog
h:\massfiles\masters\aipilot\massimo\named_pipes_multithread\named_pipes\named_pipes\debug\named_pipes.tlog\cl.read.1.tlog
h:\massfiles\masters\aipilot\massimo\named_pipes_multithread\named_pipes\named_pipes\debug\named_pipes.tlog\cl.write.1.tlog
h:\massfiles\masters\aipilot\massimo\named_pipes_multithread\named_pipes\named_pipes\debug\named_pipes.tlog\link.command.1.tlog
h:\massfiles\masters\aipilot\massimo\named_pipes_multithread\named_pipes\named_pipes\debug\named_pipes.tlog\link.read.1.tlog
h:\massfiles\masters\aipilot\massimo\named_pipes_multithread\named_pipes\named_pipes\debug\named_pipes.tlog\link.write.1.tlog
